nohup: ignoring input
trade_file 文件夹已存在!
数据读取成功!
加载数据缓存
数据缓存成功!
{'n_steps': 5, 'ent_coef': 0.01, 'learning_rate': 0.0007}
C:\Python311\Lib\site-packages\stable_baselines3\common\save_util.py:166: UserWarning: Could not deserialize object lr_schedule. Consider using `custom_objects` argument to replace this object.
  warnings.warn(
EPISODE|STEPS|TERMINAL_REASON|CASH           |TOT_ASSETS     |TERMINAL_REWARD|GAINLOSS_P   1| 486|Last Date      1| 486|Last Date      |￥30,510        |￥1,534,896     |47.59520% |53.48956% |-5.89%    
回测完成!
回测的时间窗口：2019-01-01 至 2022-01-01
查看日账户净值
开始: 
             cash    asset_value  total_assets    reward        date
0  1000000.000000       0.000000  1.000000e+06  0.000000  2019-01-03
1   934797.520104   65282.681524  1.000080e+06  0.000080  2019-01-04
2   859481.703747  143413.334651  1.002895e+06  0.002895  2019-01-07
3   815787.790389  188388.724623  1.004177e+06  0.004177  2019-01-08
4   809308.266337  193719.643653  1.003028e+06  0.001884  2019-01-09

结束: 
             cash   asset_value  total_assets    reward        date
481  20668.922542  1.488909e+06  1.509577e+06  0.435111  2020-12-25
482      4.697829  1.522927e+06  1.522931e+06  0.456652  2020-12-28
483  68468.131786  1.447212e+06  1.515680e+06  0.444955  2020-12-29
484  46704.568218  1.466084e+06  1.512788e+06  0.440290  2020-12-30
485  30509.679396  1.504386e+06  1.534896e+06  0.475952  2020-12-31
查看每日所作的交易
           date  ...                                       transactions
481  2020-12-25  ...  [523.5601806640625, -43.81837463378906, 625.33...
482  2020-12-28  ...  [0.0, 0.0, 0.0, 0.0, -176.11589813232422, -32....
483  2020-12-29  ...  [-522.466064453125, 69.93006896972656, -299.59...
484  2020-12-30  ...  [-524.6589965820312, 37.41359329223633, -968.9...
485  2020-12-31  ...  [-229.93328857421875, -24.627344131469727, 967...

[5 rows x 3 columns]
