nohup: ignoring input
trade_file 文件夹已存在!
数据读取成功!
加载数据缓存
数据缓存成功!
{'batch_size': 128, 'buffer_size': 50000, 'learning_rate': 0.001}
C:\Python311\Lib\site-packages\stable_baselines3\common\save_util.py:166: UserWarning: Could not deserialize object lr_schedule. Consider using `custom_objects` argument to replace this object.
  warnings.warn(
EPISODE|STEPS|TERMINAL_REASON|CASH           |TOT_ASSETS     |TERMINAL_REWARD|GAINLOSS_P   1| 486|Last Date      1| 486|Last Date      |￥70,890        |￥1,832,434     |79.23041% |83.24344% |-4.01%    
回测完成!
回测的时间窗口：2019-01-01 至 2022-01-01
查看日账户净值
开始: 
             cash    asset_value  total_assets    reward        date
0  1000000.000000       0.000000  1.000000e+06  0.000000  2019-01-03
1   894684.999828  105347.550610  1.000033e+06  0.000033  2019-01-04
2   804204.431492  201065.370754  1.005270e+06  0.005270  2019-01-07
3   729001.053478  275881.547228  1.004883e+06  0.004497  2019-01-08
4   638671.053714  364486.194581  1.003157e+06  0.001056  2019-01-09

结束: 
             cash   asset_value  total_assets    reward        date
481  70890.030074  1.728682e+06  1.799572e+06  0.742228  2020-12-25
482  70890.030074  1.740310e+06  1.811200e+06  0.759947  2020-12-28
483  70890.030074  1.733758e+06  1.804648e+06  0.749962  2020-12-29
484  70890.030074  1.729866e+06  1.800756e+06  0.744031  2020-12-30
485  70890.030074  1.761544e+06  1.832434e+06  0.792304  2020-12-31
查看每日所作的交易
           date  ...                                       transactions
481  2020-12-25  ...  [0.0, 0.0, 0.0, 0.0, 0.0, 0.0, 0.0, 0.0, 0.0, ...
482  2020-12-28  ...  [0.0, 0.0, 0.0, 0.0, 0.0, 0.0, 0.0, 0.0, 0.0, ...
483  2020-12-29  ...  [0.0, 0.0, 0.0, 0.0, 0.0, 0.0, 0.0, 0.0, 0.0, ...
484  2020-12-30  ...  [0.0, 0.0, 0.0, 0.0, 0.0, 0.0, 0.0, 0.0, 0.0, ...
485  2020-12-31  ...  [0.0, 0.0, 0.0, 0.0, 0.0, 0.0, 0.0, 0.0, 0.0, ...

[5 rows x 3 columns]
