nohup: ignoring input
trade_file 文件夹已存在!
数据读取成功!
加载数据缓存
数据缓存成功!
{'batch_size': 64, 'buffer_size': 100000, 'learning_rate': 0.0001, 'learning_starts': 2000, 'ent_coef': 'auto_0.1'}
C:\Python311\Lib\site-packages\stable_baselines3\common\save_util.py:166: UserWarning: Could not deserialize object lr_schedule. Consider using `custom_objects` argument to replace this object.
  warnings.warn(
EPISODE|STEPS|TERMINAL_REASON|CASH           |TOT_ASSETS     |TERMINAL_REWARD|GAINLOSS_P   1| 486|Last Date      1| 486|Last Date      |￥37,101        |￥1,736,031     |63.60686% |73.60312% |-10.00%   
回测完成!
回测的时间窗口：2019-01-01 至 2022-01-01
查看日账户净值
开始: 
             cash    asset_value  total_assets    reward        date
0  1000000.000000       0.000000  1.000000e+06  0.000000  2019-01-03
1   899699.999695  100013.149560  9.997131e+05 -0.000574  2019-01-04
2   804318.785156  199747.671939  1.004066e+06  0.004066  2019-01-07
3   699140.728173  306303.390523  1.005444e+06  0.005444  2019-01-08
4   603765.728610  397665.831880  1.001432e+06 -0.002559  2019-01-09

结束: 
             cash   asset_value  total_assets    reward        date
481  32163.691570  1.681845e+06  1.714009e+06  0.602629  2020-12-25
482  37100.798432  1.679528e+06  1.716629e+06  0.606607  2020-12-28
483  37100.798432  1.668540e+06  1.705641e+06  0.589923  2020-12-29
484  37100.798432  1.690349e+06  1.727450e+06  0.623038  2020-12-30
485  37100.798432  1.698930e+06  1.736031e+06  0.636069  2020-12-31
查看每日所作的交易
           date  ...                                       transactions
481  2020-12-25  ...  [0.0, 0.0, 0.0, 0.0, 0.0, 0.0, 0.0, 0.0, 0.0, ...
482  2020-12-28  ...  [0.0, 0.0, 0.0, 0.0, 0.0, 0.0, 0.0, 0.0, 0.0, ...
483  2020-12-29  ...  [0.0, 0.0, 0.0, 0.0, 0.0, 0.0, 0.0, 0.0, 0.0, ...
484  2020-12-30  ...  [0.0, 0.0, 0.0, 0.0, 0.0, 0.0, 0.0, 0.0, 0.0, ...
485  2020-12-31  ...  [0.0, 0.0, 0.0, 0.0, 0.0, 0.0, 0.0, 0.0, 0.0, ...

[5 rows x 3 columns]
