nohup: ignoring input
trade_file 文件夹已存在!
数据读取成功!
加载数据缓存
数据缓存成功!
{'batch_size': 100, 'buffer_size': 1000000, 'learning_rate': 0.001}
C:\Python311\Lib\site-packages\stable_baselines3\common\save_util.py:166: UserWarning: Could not deserialize object lr_schedule. Consider using `custom_objects` argument to replace this object.
  warnings.warn(
EPISODE|STEPS|TERMINAL_REASON|CASH           |TOT_ASSETS     |TERMINAL_REWARD|GAINLOSS_P   1| 486|Last Date      1| 486|Last Date      |￥46,098        |￥1,592,612     |53.84131% |59.26119% |-5.42%    
回测完成!
回测的时间窗口：2019-01-01 至 2022-01-01
查看日账户净值
开始: 
             cash    asset_value  total_assets    reward        date
0  1000000.000000       0.000000  1.000000e+06  0.000000  2019-01-03
1   879639.999105  120468.019148  1.000108e+06  0.000108  2019-01-04
2   769197.823095  237616.068876  1.006814e+06  0.006814  2019-01-07
3   653914.224210  352654.044255  1.006568e+06  0.006324  2019-01-08
4   553580.933652  449773.699874  1.003355e+06 -0.000081  2019-01-09

结束: 
             cash   asset_value  total_assets    reward        date
481  41098.066135  1.532133e+06  1.573231e+06  0.507522  2020-12-25
482  41098.066135  1.548793e+06  1.589891e+06  0.534076  2020-12-28
483  46098.065992  1.537181e+06  1.583279e+06  0.523538  2020-12-29
484  46098.065992  1.546958e+06  1.593056e+06  0.539121  2020-12-30
485  46098.065992  1.546514e+06  1.592612e+06  0.538413  2020-12-31
查看每日所作的交易
           date  ...                                       transactions
481  2020-12-25  ...  [0.0, 0.0, 0.0, 0.0, 0.0, 0.0, 0.0, 0.0, 0.0, ...
482  2020-12-28  ...  [0.0, -68.64360046386719, 0.0, 0.0, 0.0, 0.0, ...
483  2020-12-29  ...  [0.0, 0.0, 0.0, 0.0, 0.0, 0.0, 0.0, 0.0, 0.0, ...
484  2020-12-30  ...  [0.0, 0.0, 0.0, 0.0, 0.0, 0.0, 0.0, 0.0, 0.0, ...
485  2020-12-31  ...  [0.0, 0.0, 0.0, 0.0, 0.0, 0.0, 0.0, 0.0, 0.0, ...

[5 rows x 3 columns]
